<?xml version='1.0'?>
<ns2:test-suite xmlns:ns2='urn:model.allure.qatools.yandex.ru' start='1669818841014' stop='1669818853007'>
    <name>Bootcamp E2E: Search bar</name>
    <title>Bootcamp E2E: Search bar</title>
    <test-cases>
        <test-case start='1669818841017' status='passed' stop='1669818841020'>
            <name></name>
            <title></title>
            <labels>
                <label name='language' value='javascript'/>
                <label name='framework' value='wdio'/>
                <label name='thread' value='0-0'/>
            </labels>
            <parameters>
                <parameter kind='argument' name='browser' value='chrome-107.0.5304.108'/>
            </parameters>
            <steps/>
            <attachments/>
        </test-case>
        <test-case start='1669818841021' status='passed' stop='1669818852991'>
            <name>Given the user is on the home page</name>
            <title>Given the user is on the home page</title>
            <labels>
                <label name='language' value='javascript'/>
                <label name='framework' value='wdio'/>
                <label name='thread' value='0-0'/>
            </labels>
            <parameters>
                <parameter kind='argument' name='browser' value='chrome-107.0.5304.108'/>
            </parameters>
            <steps>
                <step start='1669818841025' status='passed' stop='1669818852594'>
                    <name>POST /session/:sessionId/url</name>
                    <title>POST /session/:sessionId/url</title>
                    <attachments>
                        <attachment title='Request' source='f4fbde21-ef7a-430d-ac93-df5c33b60c19-attachment.json' type='application/json' size='34'/>
                    </attachments>
                    <steps/>
                </step>
                <step start='1669818852596' status='passed' stop='1669818852987'>
                    <name>POST /session/:sessionId/window/rect</name>
                    <title>POST /session/:sessionId/window/rect</title>
                    <attachments>
                        <attachment title='Request' source='d3f2267f-063f-4abe-a526-5090dba0f1ba-attachment.json' type='application/json' size='62'/>
                        <attachment title='Response' source='0b94f981-1fbd-466f-9e28-232f9ba938d6-attachment.json' type='application/json' size='58'/>
                    </attachments>
                    <steps/>
                </step>
            </steps>
            <attachments/>
        </test-case>
        <test-case start='1669818852991' status='broken' stop='1669818853001'>
            <name>When the user enters the word Windows in the search bar</name>
            <title>When the user enters the word Windows in the search bar</title>
            <labels>
                <label name='language' value='javascript'/>
                <label name='framework' value='wdio'/>
                <label name='thread' value='0-0'/>
            </labels>
            <parameters>
                <parameter kind='argument' name='browser' value='chrome-107.0.5304.108'/>
            </parameters>
            <steps/>
            <attachments/>
            <failure>
                <message>TypeError: Cannot read properties of undefined (reading 'isDevTools')</message>
                <stack-trace>TypeError: Cannot read properties of undefined (reading 'isDevTools')
                    at findElement (C:\Users\user\TA-Bootcamp-E2E\node_modules\webdriverio\build\utils\index.js:216:15)
                    at $ (C:\Users\user\TA-Bootcamp-E2E\node_modules\webdriverio\build\commands\browser\$.js:91:43)
                    at World.&lt;anonymous> (C:\Users\user\TA-Bootcamp-E2E\features\step-definitions\steps.js:9:23)
                    at World.executeAsync (C:\Users\user\TA-Bootcamp-E2E\node_modules\@wdio\utils\build\shim.js:333:27)
                    at World.testFrameworkFnWrapper (C:\Users\user\TA-Bootcamp-E2E\node_modules\@wdio\utils\build\test-framework\testFnWrapper.js:51:32)
                    at processTicksAndRejections (node:internal/process/task_queues:96:5)
                    at async wrapPromiseWithTimeout (C:\Users\user\TA-Bootcamp-E2E\node_modules\@cucumber\cucumber\lib\time.js:67:12)
                    at async Object.run (C:\Users\user\TA-Bootcamp-E2E\node_modules\@cucumber\cucumber\lib\user_code_runner.js:64:22)
                    at async Object.run (C:\Users\user\TA-Bootcamp-E2E\node_modules\@cucumber\cucumber\lib\runtime\step_runner.js:52:26)
                    at async TestCaseRunner.invokeStep (C:\Users\user\TA-Bootcamp-E2E\node_modules\@cucumber\cucumber\lib\runtime\test_case_runner.js:93:16)</stack-trace>
            </failure>
        </test-case>
        <test-case start='1669818853002' status='broken' stop='1669818853003'>
            <name>Then at least one item should appear</name>
            <title>Then at least one item should appear</title>
            <labels>
                <label name='language' value='javascript'/>
                <label name='framework' value='wdio'/>
                <label name='thread' value='0-0'/>
            </labels>
            <parameters>
                <parameter kind='argument' name='browser' value='chrome-107.0.5304.108'/>
            </parameters>
            <steps/>
            <attachments/>
            <failure>
                <message>Step "at least one item should appear" is not defined. You can ignore this error by setting cucumberOpts.ignoreUndefinedDefinitions as true.</message>
                <stack-trace>Step "at least one item should appear" is not defined. You can ignore this error by setting cucumberOpts.ignoreUndefinedDefinitions as true.
                	at Feature(C:\Users\user\TA-Bootcamp-E2E\features\bootcamp.feature):1:1
                	at Scenario(Search bar):6:1
                	at Step(at least one item should appear):8:1
                </stack-trace>
            </failure>
        </test-case>
        <test-case start='1669818853003' status='passed' stop='1669818853005'>
            <name></name>
            <title></title>
            <labels>
                <label name='language' value='javascript'/>
                <label name='framework' value='wdio'/>
                <label name='thread' value='0-0'/>
            </labels>
            <parameters>
                <parameter kind='argument' name='browser' value='chrome-107.0.5304.108'/>
            </parameters>
            <steps/>
            <attachments/>
        </test-case>
    </test-cases>
</ns2:test-suite>