<?xml version='1.0'?>
<ns2:test-suite xmlns:ns2='urn:model.allure.qatools.yandex.ru' start='1669819793996' stop='1669819817898'>
    <name>Bootcamp E2E: Search bar</name>
    <title>Bootcamp E2E: Search bar</title>
    <test-cases>
        <test-case start='1669819794000' status='passed' stop='1669819794006'>
            <name></name>
            <title></title>
            <labels>
                <label name='language' value='javascript'/>
                <label name='framework' value='wdio'/>
                <label name='thread' value='0-0'/>
            </labels>
            <parameters>
                <parameter kind='argument' name='browser' value='chrome-107.0.5304.108'/>
            </parameters>
            <steps/>
            <attachments/>
        </test-case>
        <test-case start='1669819794007' status='passed' stop='1669819804353'>
            <name>Given the user is on the home page</name>
            <title>Given the user is on the home page</title>
            <labels>
                <label name='language' value='javascript'/>
                <label name='framework' value='wdio'/>
                <label name='thread' value='0-0'/>
            </labels>
            <parameters>
                <parameter kind='argument' name='browser' value='chrome-107.0.5304.108'/>
            </parameters>
            <steps>
                <step start='1669819794015' status='passed' stop='1669819804348'>
                    <name>POST /session/:sessionId/url</name>
                    <title>POST /session/:sessionId/url</title>
                    <attachments>
                        <attachment title='Request' source='7701831a-b796-4a29-a8f1-330fecdc72dc-attachment.json' type='application/json' size='34'/>
                    </attachments>
                    <steps/>
                </step>
            </steps>
            <attachments/>
        </test-case>
        <test-case start='1669819804353' status='broken' stop='1669819817892'>
            <name>When the user enters the word Windows in the search bar</name>
            <title>When the user enters the word Windows in the search bar</title>
            <labels>
                <label name='language' value='javascript'/>
                <label name='framework' value='wdio'/>
                <label name='thread' value='0-0'/>
            </labels>
            <parameters>
                <parameter kind='argument' name='browser' value='chrome-107.0.5304.108'/>
            </parameters>
            <steps>
                <step start='1669819804356' status='passed' stop='1669819810306'>
                    <name>POST /session/:sessionId/url</name>
                    <title>POST /session/:sessionId/url</title>
                    <attachments>
                        <attachment title='Request' source='de3ef55c-1fec-493e-b8e4-3f102227703e-attachment.json' type='application/json' size='34'/>
                    </attachments>
                    <steps/>
                </step>
                <step start='1669819810310' status='passed' stop='1669819810682'>
                    <name>POST /session/:sessionId/element</name>
                    <title>POST /session/:sessionId/element</title>
                    <attachments>
                        <attachment title='Request' source='ded45956-2ac1-40f1-8cdf-9143656e0f14-attachment.json' type='application/json' size='110'/>
                        <attachment title='Response' source='67029ab3-2924-4901-8b06-96bc6b013bf1-attachment.json' type='application/json' size='83'/>
                    </attachments>
                    <steps/>
                </step>
                <step start='1669819810702' status='broken' stop='1669819817891'>
                    <name>POST /session/:sessionId/element</name>
                    <title>POST /session/:sessionId/element</title>
                    <attachments>
                        <attachment title='Request' source='6645e65d-0c3c-46f2-8d83-8ee999f7a1e0-attachment.json' type='application/json' size='111'/>
                    </attachments>
                    <steps>
                        <step start='1669819810733' status='passed' stop='1669819811170'>
                            <name>POST /session/:sessionId/element/e15b2b2d-c8c3-4e7f-8b6a-a51529542005/click</name>
                            <title>POST /session/:sessionId/element/e15b2b2d-c8c3-4e7f-8b6a-a51529542005/click</title>
                            <attachments>
                                <attachment title='Response' source='dbc0d33b-d768-46c4-a181-b11c16139270-attachment.json' type='application/json' size='1078'/>
                            </attachments>
                            <steps/>
                        </step>
                    </steps>
                </step>
            </steps>
            <attachments/>
            <failure>
                <message>element click intercepted: element click intercepted: Element &lt;input type="search" title="Search Site" autocomplete="off" value=""> is not clickable at point (285, 40). Other element would receive the click: &lt;img class="modal-Website-img" src="https://promotions.newegg.com/22-2133/Homepage_Popup_Desktop.png" alt="CYBER MONDAY EXTENDED"></message>
                <stack-trace>element click intercepted: element click intercepted: Element &lt;input type="search" title="Search Site" autocomplete="off" value=""> is not clickable at point (285, 40). Other element would receive the click: &lt;img class="modal-Website-img" src="https://promotions.newegg.com/22-2133/Homepage_Popup_Desktop.png" alt="CYBER MONDAY EXTENDED">
                  (Session info: chrome=107.0.5304.108)
                    at getErrorFromResponseBody (C:\Users\user\TA-Bootcamp-E2E\node_modules\webdriver\build\utils.js:198:12)
                    at NodeJSRequest._request (C:\Users\user\TA-Bootcamp-E2E\node_modules\webdriver\build\request\index.js:166:60)
                    at processTicksAndRejections (node:internal/process/task_queues:96:5)
                    at async Element.wrapCommandFn (C:\Users\user\TA-Bootcamp-E2E\node_modules\@wdio\utils\build\shim.js:137:29)
                    at async Element.wrapCommandFn (C:\Users\user\TA-Bootcamp-E2E\node_modules\@wdio\utils\build\shim.js:137:29)
                    at async Element.elementErrorHandlerCallbackFn (C:\Users\user\TA-Bootcamp-E2E\node_modules\webdriverio\build\middlewares.js:24:32)
                    at async Element.wrapCommandFn (C:\Users\user\TA-Bootcamp-E2E\node_modules\@wdio\utils\build\shim.js:137:29)
                    at async Element.wrapCommandFn (C:\Users\user\TA-Bootcamp-E2E\node_modules\@wdio\utils\build\shim.js:137:29)
                    at async Element.elementErrorHandlerCallbackFn (C:\Users\user\TA-Bootcamp-E2E\node_modules\webdriverio\build\middlewares.js:24:32)
                    at async Element.wrapCommandFn (C:\Users\user\TA-Bootcamp-E2E\node_modules\@wdio\utils\build\shim.js:137:29)</stack-trace>
            </failure>
        </test-case>
        <test-case start='1669819817892' status='broken' stop='1669819817893'>
            <name>Then at least one item should appear</name>
            <title>Then at least one item should appear</title>
            <labels>
                <label name='language' value='javascript'/>
                <label name='framework' value='wdio'/>
                <label name='thread' value='0-0'/>
            </labels>
            <parameters>
                <parameter kind='argument' name='browser' value='chrome-107.0.5304.108'/>
            </parameters>
            <steps/>
            <attachments/>
            <failure>
                <message>Step "at least one item should appear" is not defined. You can ignore this error by setting cucumberOpts.ignoreUndefinedDefinitions as true.</message>
                <stack-trace>Step "at least one item should appear" is not defined. You can ignore this error by setting cucumberOpts.ignoreUndefinedDefinitions as true.
                	at Feature(C:\Users\user\TA-Bootcamp-E2E\features\bootcamp.feature):1:1
                	at Scenario(Search bar):6:1
                	at Step(at least one item should appear):8:1
                </stack-trace>
            </failure>
        </test-case>
        <test-case start='1669819817894' status='passed' stop='1669819817896'>
            <name></name>
            <title></title>
            <labels>
                <label name='language' value='javascript'/>
                <label name='framework' value='wdio'/>
                <label name='thread' value='0-0'/>
            </labels>
            <parameters>
                <parameter kind='argument' name='browser' value='chrome-107.0.5304.108'/>
            </parameters>
            <steps/>
            <attachments/>
        </test-case>
    </test-cases>
</ns2:test-suite>