<?xml version='1.0'?>
<ns2:test-suite xmlns:ns2='urn:model.allure.qatools.yandex.ru' start='1669822012735' stop='1669822012768'>
    <name>Bootcamp E2E: Internet shop logo button</name>
    <title>Bootcamp E2E: Internet shop logo button</title>
    <test-cases>
        <test-case start='1669822012735' status='passed' stop='1669822012737'>
            <name></name>
            <title></title>
            <labels>
                <label name='language' value='javascript'/>
                <label name='framework' value='wdio'/>
                <label name='thread' value='0-0'/>
            </labels>
            <parameters>
                <parameter kind='argument' name='browser' value='chrome-107.0.5304.108'/>
            </parameters>
            <steps/>
            <attachments/>
        </test-case>
        <test-case start='1669822012737' status='broken' stop='1669822012756'>
            <name>Given the user is on the home page</name>
            <title>Given the user is on the home page</title>
            <labels>
                <label name='language' value='javascript'/>
                <label name='framework' value='wdio'/>
                <label name='thread' value='0-0'/>
            </labels>
            <parameters>
                <parameter kind='argument' name='browser' value='chrome-107.0.5304.108'/>
            </parameters>
            <steps>
                <step start='1669822012741' status='broken' stop='1669822012756'>
                    <name>POST /session/:sessionId/url</name>
                    <title>POST /session/:sessionId/url</title>
                    <attachments>
                        <attachment title='Request' source='b7b67419-2dc3-475f-905c-06c7e4f2acd8-attachment.json' type='application/json' size='34'/>
                    </attachments>
                    <steps/>
                </step>
            </steps>
            <attachments/>
            <failure>
                <message>TypeError: Cannot read properties of undefined (reading 'isDevTools')</message>
                <stack-trace>TypeError: Cannot read properties of undefined (reading 'isDevTools')
                    at findElement (C:\Users\user\TA-Bootcamp-E2E\node_modules\webdriverio\build\utils\index.js:216:15)
                    at $ (C:\Users\user\TA-Bootcamp-E2E\node_modules\webdriverio\build\commands\browser\$.js:91:43)
                    at World.&lt;anonymous> (C:\Users\user\TA-Bootcamp-E2E\features\step-definitions\steps.js:8:25)
                    at World.executeAsync (C:\Users\user\TA-Bootcamp-E2E\node_modules\@wdio\utils\build\shim.js:333:27)
                    at World.testFrameworkFnWrapper (C:\Users\user\TA-Bootcamp-E2E\node_modules\@wdio\utils\build\test-framework\testFnWrapper.js:51:32)
                    at processTicksAndRejections (node:internal/process/task_queues:96:5)
                    at async wrapPromiseWithTimeout (C:\Users\user\TA-Bootcamp-E2E\node_modules\@cucumber\cucumber\lib\time.js:67:12)
                    at async Object.run (C:\Users\user\TA-Bootcamp-E2E\node_modules\@cucumber\cucumber\lib\user_code_runner.js:64:22)
                    at async Object.run (C:\Users\user\TA-Bootcamp-E2E\node_modules\@cucumber\cucumber\lib\runtime\step_runner.js:52:26)
                    at async TestCaseRunner.invokeStep (C:\Users\user\TA-Bootcamp-E2E\node_modules\@cucumber\cucumber\lib\runtime\test_case_runner.js:93:16)</stack-trace>
            </failure>
        </test-case>
        <test-case start='1669822012757' status='pending' stop='1669822012758'>
            <name>When the user closes the promo banner if it appears</name>
            <title>When the user closes the promo banner if it appears</title>
            <labels>
                <label name='language' value='javascript'/>
                <label name='framework' value='wdio'/>
                <label name='thread' value='0-0'/>
            </labels>
            <parameters>
                <parameter kind='argument' name='browser' value='chrome-107.0.5304.108'/>
            </parameters>
            <steps/>
            <attachments/>
        </test-case>
        <test-case start='1669822012758' status='broken' stop='1669822012759'>
            <name>When the user opens Today's Best Deals Tab</name>
            <title>When the user opens Today's Best Deals Tab</title>
            <labels>
                <label name='language' value='javascript'/>
                <label name='framework' value='wdio'/>
                <label name='thread' value='0-0'/>
            </labels>
            <parameters>
                <parameter kind='argument' name='browser' value='chrome-107.0.5304.108'/>
            </parameters>
            <steps/>
            <attachments/>
            <failure>
                <message>Step "the user opens Today's Best Deals Tab" is not defined. You can ignore this error by setting cucumberOpts.ignoreUndefinedDefinitions as true.</message>
                <stack-trace>Step "the user opens Today's Best Deals Tab" is not defined. You can ignore this error by setting cucumberOpts.ignoreUndefinedDefinitions as true.
                	at Feature(C:\Users\user\TA-Bootcamp-E2E\features\bootcamp.feature):1:1
                	at Scenario(Internet shop logo button):12:1
                	at Step(the user opens Today's Best Deals Tab):13:1
                </stack-trace>
            </failure>
        </test-case>
        <test-case start='1669822012760' status='broken' stop='1669822012760'>
            <name>When the user clicks on the Internet shop logo</name>
            <title>When the user clicks on the Internet shop logo</title>
            <labels>
                <label name='language' value='javascript'/>
                <label name='framework' value='wdio'/>
                <label name='thread' value='0-0'/>
            </labels>
            <parameters>
                <parameter kind='argument' name='browser' value='chrome-107.0.5304.108'/>
            </parameters>
            <steps/>
            <attachments/>
            <failure>
                <message>Step "the user clicks on the Internet shop logo" is not defined. You can ignore this error by setting cucumberOpts.ignoreUndefinedDefinitions as true.</message>
                <stack-trace>Step "the user clicks on the Internet shop logo" is not defined. You can ignore this error by setting cucumberOpts.ignoreUndefinedDefinitions as true.
                	at Feature(C:\Users\user\TA-Bootcamp-E2E\features\bootcamp.feature):1:1
                	at Scenario(Internet shop logo button):12:1
                	at Step(the user clicks on the Internet shop logo):14:1
                </stack-trace>
            </failure>
        </test-case>
        <test-case start='1669822012761' status='broken' stop='1669822012764'>
            <name>Then the main page should open</name>
            <title>Then the main page should open</title>
            <labels>
                <label name='language' value='javascript'/>
                <label name='framework' value='wdio'/>
                <label name='thread' value='0-0'/>
            </labels>
            <parameters>
                <parameter kind='argument' name='browser' value='chrome-107.0.5304.108'/>
            </parameters>
            <steps/>
            <attachments/>
            <failure>
                <message>Step "the main page should open" is not defined. You can ignore this error by setting cucumberOpts.ignoreUndefinedDefinitions as true.</message>
                <stack-trace>Step "the main page should open" is not defined. You can ignore this error by setting cucumberOpts.ignoreUndefinedDefinitions as true.
                	at Feature(C:\Users\user\TA-Bootcamp-E2E\features\bootcamp.feature):1:1
                	at Scenario(Internet shop logo button):12:1
                	at Step(the main page should open):15:1
                </stack-trace>
            </failure>
        </test-case>
        <test-case start='1669822012765' status='passed' stop='1669822012766'>
            <name></name>
            <title></title>
            <labels>
                <label name='language' value='javascript'/>
                <label name='framework' value='wdio'/>
                <label name='thread' value='0-0'/>
            </labels>
            <parameters>
                <parameter kind='argument' name='browser' value='chrome-107.0.5304.108'/>
            </parameters>
            <steps/>
            <attachments/>
        </test-case>
    </test-cases>
</ns2:test-suite>