<?xml version='1.0'?>
<ns2:test-suite xmlns:ns2='urn:model.allure.qatools.yandex.ru' start='1669819648428' stop='1669819660362'>
    <name>Bootcamp E2E: Search bar</name>
    <title>Bootcamp E2E: Search bar</title>
    <test-cases>
        <test-case start='1669819648431' status='passed' stop='1669819648437'>
            <name></name>
            <title></title>
            <labels>
                <label name='language' value='javascript'/>
                <label name='framework' value='wdio'/>
                <label name='thread' value='0-0'/>
            </labels>
            <parameters>
                <parameter kind='argument' name='browser' value='chrome-107.0.5304.108'/>
            </parameters>
            <steps/>
            <attachments/>
        </test-case>
        <test-case start='1669819648438' status='passed' stop='1669819659007'>
            <name>Given the user is on the home page</name>
            <title>Given the user is on the home page</title>
            <labels>
                <label name='language' value='javascript'/>
                <label name='framework' value='wdio'/>
                <label name='thread' value='0-0'/>
            </labels>
            <parameters>
                <parameter kind='argument' name='browser' value='chrome-107.0.5304.108'/>
            </parameters>
            <steps>
                <step start='1669819648445' status='passed' stop='1669819659003'>
                    <name>POST /session/:sessionId/url</name>
                    <title>POST /session/:sessionId/url</title>
                    <attachments>
                        <attachment title='Request' source='318ae02a-bca5-47f4-a939-523065dc922e-attachment.json' type='application/json' size='34'/>
                    </attachments>
                    <steps/>
                </step>
            </steps>
            <attachments/>
        </test-case>
        <test-case start='1669819659007' status='broken' stop='1669819660355'>
            <name>When the user enters the word Windows in the search bar</name>
            <title>When the user enters the word Windows in the search bar</title>
            <labels>
                <label name='language' value='javascript'/>
                <label name='framework' value='wdio'/>
                <label name='thread' value='0-0'/>
            </labels>
            <parameters>
                <parameter kind='argument' name='browser' value='chrome-107.0.5304.108'/>
            </parameters>
            <steps>
                <step start='1669819659009' status='passed' stop='1669819660344'>
                    <name>POST /session/:sessionId/url</name>
                    <title>POST /session/:sessionId/url</title>
                    <attachments>
                        <attachment title='Request' source='b99a73b0-22d0-4190-9846-2cd5a11d192b-attachment.json' type='application/json' size='34'/>
                    </attachments>
                    <steps/>
                </step>
            </steps>
            <attachments/>
            <failure>
                <message>TypeError: Cannot read properties of undefined (reading 'isDevTools')</message>
                <stack-trace>TypeError: Cannot read properties of undefined (reading 'isDevTools')
                    at findElement (C:\Users\user\TA-Bootcamp-E2E\node_modules\webdriverio\build\utils\index.js:216:15)
                    at $ (C:\Users\user\TA-Bootcamp-E2E\node_modules\webdriverio\build\commands\browser\$.js:91:43)
                    at World.&lt;anonymous> (C:\Users\user\TA-Bootcamp-E2E\features\step-definitions\steps.js:10:23)
                    at processTicksAndRejections (node:internal/process/task_queues:96:5)</stack-trace>
            </failure>
        </test-case>
        <test-case start='1669819660356' status='broken' stop='1669819660357'>
            <name>Then at least one item should appear</name>
            <title>Then at least one item should appear</title>
            <labels>
                <label name='language' value='javascript'/>
                <label name='framework' value='wdio'/>
                <label name='thread' value='0-0'/>
            </labels>
            <parameters>
                <parameter kind='argument' name='browser' value='chrome-107.0.5304.108'/>
            </parameters>
            <steps/>
            <attachments/>
            <failure>
                <message>Step "at least one item should appear" is not defined. You can ignore this error by setting cucumberOpts.ignoreUndefinedDefinitions as true.</message>
                <stack-trace>Step "at least one item should appear" is not defined. You can ignore this error by setting cucumberOpts.ignoreUndefinedDefinitions as true.
                	at Feature(C:\Users\user\TA-Bootcamp-E2E\features\bootcamp.feature):1:1
                	at Scenario(Search bar):6:1
                	at Step(at least one item should appear):8:1
                </stack-trace>
            </failure>
        </test-case>
        <test-case start='1669819660357' status='passed' stop='1669819660360'>
            <name></name>
            <title></title>
            <labels>
                <label name='language' value='javascript'/>
                <label name='framework' value='wdio'/>
                <label name='thread' value='0-0'/>
            </labels>
            <parameters>
                <parameter kind='argument' name='browser' value='chrome-107.0.5304.108'/>
            </parameters>
            <steps/>
            <attachments/>
        </test-case>
    </test-cases>
</ns2:test-suite>